<html xmlns:math="http://exslt.org/math" xmlns:testng="http://testng.org">
   <head>
      <title>TestNG Results</title>
      <meta http-equiv="content-type" content="text/html; charset=utf-8"></meta>
      <meta http-equiv="pragma" content="no-cache"></meta>
      <meta http-equiv="cache-control" content="max-age=0"></meta>
      <meta http-equiv="cache-control" content="no-cache"></meta>
      <meta http-equiv="cache-control" content="no-store"></meta>
      <LINK rel="stylesheet" href="style.css"></LINK>
      <script type="text/javascript" src="main.js"></script>
   </head>
   <body>
      <table width="100%" style="font-size: 16px; margin-bottom: 10px;" cellspacing="1">
         <tr>
            <td width="100%">
               Test case
               
               <b>Smoke Testcases</b>
            </td>
            <td style="background-color: #FFBBBB; padding: 3px 3px 3px 0;" align="center">
               <div style="width: 50px;">4</div>
            </td>
            <td style="background-color: lightgreen; padding: 3px 3px 3px 0;" align="center">
               <div style="width: 50px;">4</div>
            </td>
            <td style="background-color: #FFFFBB; padding: 3px 3px 3px 0;" align="center">
               <div style="width: 50px;">0</div>
            </td>
            <td align="center" style="background-color: #eaf0f7; padding: 3px 3px 3px 0;">
               <div style="width: 50px;">8</div>
            </td>
            <td align="center"
                style="font-weight: bold; background-color: #eaf0f7; padding: 3px 3px 3px 0;">
               <div style="width: 50px;">50%</div>
            </td>
            <td style="background-color: #eaf0f7; padding: 3px 3px 3px 0;" align="center"
                nowrap="true">23s
               
            </td>
         </tr>
      </table>
      <div style="width: 200px;">
         <label for="groupMethodsCheckBox" style="font-weight: bold; margin: 0;">
            <input id="groupMethodsCheckBox" type="checkbox" onclick="switchTestMethodsView(this)"></input>
            Group by class
            
         </label>
         <br></br>
         <label for="methodsFilter_ALL" style="font-weight: bold; margin: 0;">
            <input id="methodsFilter_ALL" type="checkbox"
                   onclick="testMethodsFilterChanged(this, 'ALL')"></input>
            All
            
         </label>
      </div>
      <label for="methodsFilter_FAIL" style="margin-left: 20px;">
         <input id="methodsFilter_FAIL" type="checkbox"
                onclick="testMethodsFilterChanged(this, 'FAIL')"
                checked=""></input>
         Failed
         
      </label>
      <label for="methodsFilter_PASS">
         <input id="methodsFilter_PASS" type="checkbox"
                onclick="testMethodsFilterChanged(this, 'PASS')"
                checked=""></input>
         Passed
         
      </label>
      <label for="methodsFilter_SKIP">
         <input id="methodsFilter_SKIP" type="checkbox"
                onclick="testMethodsFilterChanged(this, 'SKIP')"
                checked=""></input>
         Skipped
         
      </label>
      <label for="methodsFilter_CONF">
         <input id="methodsFilter_CONF" type="checkbox"
                onclick="testMethodsFilterChanged(this, 'CONF')"></input>
         Config
         
      </label>
      <br></br>
      <div id="testMethodsByStatus">
         <table class="testMethodsTable" cellpadding="0" cellspacing="0">
            <tr class="methodsTableHeader">
               <td width="100%">Name</td>
               <td nowrap="true">Started</td>
               <td nowrap="true">Duration</td>
               <td>Exception</td>
            </tr>
            <tr id="testngFiles.DependenyAnnot_OpeningBrowser_byStatus_failed_FAIL1_row"
                class="testMethodStatusFAIL">
               <td width="100%" class="firstMethodCell">
                  <a onclick="toggleDetailsVisibility('testngFiles.DependenyAnnot_OpeningBrowser_byStatus_failed_FAIL1_details')">OpeningBrowser()</a>
               </td>
               <td nowrap="true">00:03:52</td>
               <td nowrap="true" align="right">37 ms
                  
               </td>
               <td nowrap="true">
                  <a onclick="toggleDetailsVisibility('testngFiles.DependenyAnnot_OpeningBrowser_byStatus_failed_FAIL1_exception')">java.io.FileNotFoundException: 
                     C:\Workspace\Framework\src\testngFiles\datadriven.properties (The system cannot find the path specified)
                     
                  </a>
                   
                  
               </td>
            </tr>
            <tr>
               <td colspan="4" class="detailsBox">
                  <div id="testngFiles.DependenyAnnot_OpeningBrowser_byStatus_failed_FAIL1_details"
                       class="testMethodDetails">
                     <div>
                        <b>Name: </b>OpeningBrowser
                     </div>
                     <div>
                        <b>Signature: </b>OpeningBrowser()[pri:0, instance:testngFiles.DependenyAnnot@6bb9db06]
                     </div>
                     <div>
                        <b>Start time: </b>00:03:52
                     </div>
                     <div>
                        <b>End time: </b>00:03:52
                     </div>
                     <div>
                        <b>Duration: </b>37 ms
                        
                     </div>
                  </div>
               </td>
            </tr>
            <tr>
               <td colspan="4" class="detailsBox">
                  <div id="testngFiles.DependenyAnnot_OpeningBrowser_byStatus_failed_FAIL1_exception"
                       class="testMethodDetails">
                     <pre style="padding: 5px; margin: 0;">java.io.FileNotFoundException: C:\Workspace\Framework\src\testngFiles\datadriven.properties (The system cannot find the path
                        specified)
                        	at java.io.FileInputStream.open(Native Method)
                        	at java.io.FileInputStream.&lt;init&gt;(FileInputStream.java:146)
                        	at java.io.FileInputStream.&lt;init&gt;(FileInputStream.java:101)
                        	at testngFiles.TestBase.Login(TestBase.java:24)
                        	at testngFiles.DependenyAnnot.OpeningBrowser(DependenyAnnot.java:13)
                        	at sun.reflect.NativeMethodAccessorImpl.invoke0(Native Method)
                        	at sun.reflect.NativeMethodAccessorImpl.invoke(NativeMethodAccessorImpl.java:57)
                        	at sun.reflect.DelegatingMethodAccessorImpl.invoke(DelegatingMethodAccessorImpl.java:43)
                        	at java.lang.reflect.Method.invoke(Method.java:606)
                        	at org.testng.internal.MethodInvocationHelper.invokeMethod(MethodInvocationHelper.java:84)
                        	at org.testng.internal.Invoker.invokeMethod(Invoker.java:714)
                        	at org.testng.internal.Invoker.invokeTestMethod(Invoker.java:901)
                        	at org.testng.internal.Invoker.invokeTestMethods(Invoker.java:1231)
                        	at org.testng.internal.TestMethodWorker.invokeTestMethods(TestMethodWorker.java:127)
                        	at org.testng.internal.TestMethodWorker.run(TestMethodWorker.java:111)
                        	at org.testng.TestRunner.privateRun(TestRunner.java:767)
                        	at org.testng.TestRunner.run(TestRunner.java:617)
                        	at org.testng.SuiteRunner.runTest(SuiteRunner.java:334)
                        	at org.testng.SuiteRunner.runSequentially(SuiteRunner.java:329)
                        	at org.testng.SuiteRunner.privateRun(SuiteRunner.java:291)
                        	at org.testng.SuiteRunner.run(SuiteRunner.java:240)
                        	at org.testng.SuiteRunnerWorker.runSuite(SuiteRunnerWorker.java:52)
                        	at org.testng.SuiteRunnerWorker.run(SuiteRunnerWorker.java:86)
                        	at org.testng.TestNG.runSuitesSequentially(TestNG.java:1224)
                        	at org.testng.TestNG.runSuitesLocally(TestNG.java:1149)
                        	at org.testng.TestNG.run(TestNG.java:1057)
                        	at org.testng.TestNG.privateMain(TestNG.java:1364)
                        	at org.testng.TestNG.main(TestNG.java:1333)
                     </pre>
                  </div>
               </td>
            </tr>
            <tr id="testngFiles.DependenyAnnot_Login_byStatus_failed_FAIL2_row"
                class="testMethodStatusFAIL">
               <td width="100%" class="firstMethodCell">
                  <a onclick="toggleDetailsVisibility('testngFiles.DependenyAnnot_Login_byStatus_failed_FAIL2_details')">Login()</a>
               </td>
               <td nowrap="true">00:03:52</td>
               <td nowrap="true" align="right">1 ms
                  
               </td>
               <td nowrap="true">
                  <a onclick="toggleDetailsVisibility('testngFiles.DependenyAnnot_Login_byStatus_failed_FAIL2_exception')">java.io.FileNotFoundException: 
                     C:\Workspace\Framework\src\testngFiles\datadriven.properties (The system cannot find the path specified)
                     
                  </a>
                   
                  
               </td>
            </tr>
            <tr>
               <td colspan="4" class="detailsBox">
                  <div id="testngFiles.DependenyAnnot_Login_byStatus_failed_FAIL2_details"
                       class="testMethodDetails">
                     <div>
                        <b>Name: </b>Login
                     </div>
                     <div>
                        <b>Signature: </b>Login()[pri:0, instance:testngFiles.DependenyAnnot@6bb9db06]
                     </div>
                     <div>
                        <b>Start time: </b>00:03:52
                     </div>
                     <div>
                        <b>End time: </b>00:03:52
                     </div>
                     <div>
                        <b>Duration: </b>1 ms
                        
                     </div>
                  </div>
               </td>
            </tr>
            <tr>
               <td colspan="4" class="detailsBox">
                  <div id="testngFiles.DependenyAnnot_Login_byStatus_failed_FAIL2_exception"
                       class="testMethodDetails">
                     <pre style="padding: 5px; margin: 0;">java.io.FileNotFoundException: C:\Workspace\Framework\src\testngFiles\datadriven.properties (The system cannot find the path
                        specified)
                        	at java.io.FileInputStream.open(Native Method)
                        	at java.io.FileInputStream.&lt;init&gt;(FileInputStream.java:146)
                        	at java.io.FileInputStream.&lt;init&gt;(FileInputStream.java:101)
                        	at testngFiles.TestBase.Login(TestBase.java:24)
                        	at sun.reflect.NativeMethodAccessorImpl.invoke0(Native Method)
                        	at sun.reflect.NativeMethodAccessorImpl.invoke(NativeMethodAccessorImpl.java:57)
                        	at sun.reflect.DelegatingMethodAccessorImpl.invoke(DelegatingMethodAccessorImpl.java:43)
                        	at java.lang.reflect.Method.invoke(Method.java:606)
                        	at org.testng.internal.MethodInvocationHelper.invokeMethod(MethodInvocationHelper.java:84)
                        	at org.testng.internal.Invoker.invokeMethod(Invoker.java:714)
                        	at org.testng.internal.Invoker.invokeTestMethod(Invoker.java:901)
                        	at org.testng.internal.Invoker.invokeTestMethods(Invoker.java:1231)
                        	at org.testng.internal.TestMethodWorker.invokeTestMethods(TestMethodWorker.java:127)
                        	at org.testng.internal.TestMethodWorker.run(TestMethodWorker.java:111)
                        	at org.testng.TestRunner.privateRun(TestRunner.java:767)
                        	at org.testng.TestRunner.run(TestRunner.java:617)
                        	at org.testng.SuiteRunner.runTest(SuiteRunner.java:334)
                        	at org.testng.SuiteRunner.runSequentially(SuiteRunner.java:329)
                        	at org.testng.SuiteRunner.privateRun(SuiteRunner.java:291)
                        	at org.testng.SuiteRunner.run(SuiteRunner.java:240)
                        	at org.testng.SuiteRunnerWorker.runSuite(SuiteRunnerWorker.java:52)
                        	at org.testng.SuiteRunnerWorker.run(SuiteRunnerWorker.java:86)
                        	at org.testng.TestNG.runSuitesSequentially(TestNG.java:1224)
                        	at org.testng.TestNG.runSuitesLocally(TestNG.java:1149)
                        	at org.testng.TestNG.run(TestNG.java:1057)
                        	at org.testng.TestNG.privateMain(TestNG.java:1364)
                        	at org.testng.TestNG.main(TestNG.java:1333)
                     </pre>
                  </div>
               </td>
            </tr>
            <tr id="testngFiles.DependenyAnnot_FlightBooking_byStatus_failed_FAIL3_row"
                class="testMethodStatusFAIL">
               <td width="100%" class="firstMethodCell">
                  <a onclick="toggleDetailsVisibility('testngFiles.DependenyAnnot_FlightBooking_byStatus_failed_FAIL3_details')">FlightBooking()</a>
               </td>
               <td nowrap="true">00:03:52</td>
               <td nowrap="true" align="right">1 ms
                  
               </td>
               <td nowrap="true">
                  <a onclick="toggleDetailsVisibility('testngFiles.DependenyAnnot_FlightBooking_byStatus_failed_FAIL3_exception')">java.io.FileNotFoundException: 
                     C:\Workspace\Framework\src\testngFiles\datadriven.properties (The system cannot find the path specified)
                     
                  </a>
                   
                  
               </td>
            </tr>
            <tr>
               <td colspan="4" class="detailsBox">
                  <div id="testngFiles.DependenyAnnot_FlightBooking_byStatus_failed_FAIL3_details"
                       class="testMethodDetails">
                     <div>
                        <b>Name: </b>FlightBooking
                     </div>
                     <div>
                        <b>Signature: </b>FlightBooking()[pri:0, instance:testngFiles.DependenyAnnot@6bb9db06]
                     </div>
                     <div>
                        <b>Start time: </b>00:03:52
                     </div>
                     <div>
                        <b>End time: </b>00:03:52
                     </div>
                     <div>
                        <b>Duration: </b>1 ms
                        
                     </div>
                     <div>
                        <b>Depends on methods:
                           
                        </b>
                        <div>
                               -
                           testngFiles.DependenyAnnot.OpeningBrowser
                        </div>
                     </div>
                  </div>
               </td>
            </tr>
            <tr>
               <td colspan="4" class="detailsBox">
                  <div id="testngFiles.DependenyAnnot_FlightBooking_byStatus_failed_FAIL3_exception"
                       class="testMethodDetails">
                     <pre style="padding: 5px; margin: 0;">java.io.FileNotFoundException: C:\Workspace\Framework\src\testngFiles\datadriven.properties (The system cannot find the path
                        specified)
                        	at java.io.FileInputStream.open(Native Method)
                        	at java.io.FileInputStream.&lt;init&gt;(FileInputStream.java:146)
                        	at java.io.FileInputStream.&lt;init&gt;(FileInputStream.java:101)
                        	at testngFiles.TestBase.Login(TestBase.java:24)
                        	at testngFiles.DependenyAnnot.FlightBooking(DependenyAnnot.java:20)
                        	at sun.reflect.NativeMethodAccessorImpl.invoke0(Native Method)
                        	at sun.reflect.NativeMethodAccessorImpl.invoke(NativeMethodAccessorImpl.java:57)
                        	at sun.reflect.DelegatingMethodAccessorImpl.invoke(DelegatingMethodAccessorImpl.java:43)
                        	at java.lang.reflect.Method.invoke(Method.java:606)
                        	at org.testng.internal.MethodInvocationHelper.invokeMethod(MethodInvocationHelper.java:84)
                        	at org.testng.internal.Invoker.invokeMethod(Invoker.java:714)
                        	at org.testng.internal.Invoker.invokeTestMethod(Invoker.java:901)
                        	at org.testng.internal.Invoker.invokeTestMethods(Invoker.java:1231)
                        	at org.testng.internal.TestMethodWorker.invokeTestMethods(TestMethodWorker.java:127)
                        	at org.testng.internal.TestMethodWorker.run(TestMethodWorker.java:111)
                        	at org.testng.TestRunner.privateRun(TestRunner.java:767)
                        	at org.testng.TestRunner.run(TestRunner.java:617)
                        	at org.testng.SuiteRunner.runTest(SuiteRunner.java:334)
                        	at org.testng.SuiteRunner.runSequentially(SuiteRunner.java:329)
                        	at org.testng.SuiteRunner.privateRun(SuiteRunner.java:291)
                        	at org.testng.SuiteRunner.run(SuiteRunner.java:240)
                        	at org.testng.SuiteRunnerWorker.runSuite(SuiteRunnerWorker.java:52)
                        	at org.testng.SuiteRunnerWorker.run(SuiteRunnerWorker.java:86)
                        	at org.testng.TestNG.runSuitesSequentially(TestNG.java:1224)
                        	at org.testng.TestNG.runSuitesLocally(TestNG.java:1149)
                        	at org.testng.TestNG.run(TestNG.java:1057)
                        	at org.testng.TestNG.privateMain(TestNG.java:1364)
                        	at org.testng.TestNG.main(TestNG.java:1333)
                     </pre>
                  </div>
               </td>
            </tr>
            <tr id="testngFiles.TestBase_Login_byStatus_failed_FAIL4_row"
                class="testMethodStatusFAIL">
               <td width="100%" class="firstMethodCell">
                  <a onclick="toggleDetailsVisibility('testngFiles.TestBase_Login_byStatus_failed_FAIL4_details')">Login()</a>
               </td>
               <td nowrap="true">00:04:15</td>
               <td nowrap="true" align="right">1 ms
                  
               </td>
               <td nowrap="true">
                  <a onclick="toggleDetailsVisibility('testngFiles.TestBase_Login_byStatus_failed_FAIL4_exception')">java.io.FileNotFoundException: 
                     C:\Workspace\Framework\src\testngFiles\datadriven.properties (The system cannot find the path specified)
                     
                  </a>
                   
                  
               </td>
            </tr>
            <tr>
               <td colspan="4" class="detailsBox">
                  <div id="testngFiles.TestBase_Login_byStatus_failed_FAIL4_details"
                       class="testMethodDetails">
                     <div>
                        <b>Name: </b>Login
                     </div>
                     <div>
                        <b>Signature: </b>Login()[pri:0, instance:testngFiles.TestBase@39c2b01c]
                     </div>
                     <div>
                        <b>Start time: </b>00:04:15
                     </div>
                     <div>
                        <b>End time: </b>00:04:15
                     </div>
                     <div>
                        <b>Duration: </b>1 ms
                        
                     </div>
                  </div>
               </td>
            </tr>
            <tr>
               <td colspan="4" class="detailsBox">
                  <div id="testngFiles.TestBase_Login_byStatus_failed_FAIL4_exception"
                       class="testMethodDetails">
                     <pre style="padding: 5px; margin: 0;">java.io.FileNotFoundException: C:\Workspace\Framework\src\testngFiles\datadriven.properties (The system cannot find the path
                        specified)
                        	at java.io.FileInputStream.open(Native Method)
                        	at java.io.FileInputStream.&lt;init&gt;(FileInputStream.java:146)
                        	at java.io.FileInputStream.&lt;init&gt;(FileInputStream.java:101)
                        	at testngFiles.TestBase.Login(TestBase.java:24)
                        	at sun.reflect.NativeMethodAccessorImpl.invoke0(Native Method)
                        	at sun.reflect.NativeMethodAccessorImpl.invoke(NativeMethodAccessorImpl.java:57)
                        	at sun.reflect.DelegatingMethodAccessorImpl.invoke(DelegatingMethodAccessorImpl.java:43)
                        	at java.lang.reflect.Method.invoke(Method.java:606)
                        	at org.testng.internal.MethodInvocationHelper.invokeMethod(MethodInvocationHelper.java:84)
                        	at org.testng.internal.Invoker.invokeMethod(Invoker.java:714)
                        	at org.testng.internal.Invoker.invokeTestMethod(Invoker.java:901)
                        	at org.testng.internal.Invoker.invokeTestMethods(Invoker.java:1231)
                        	at org.testng.internal.TestMethodWorker.invokeTestMethods(TestMethodWorker.java:127)
                        	at org.testng.internal.TestMethodWorker.run(TestMethodWorker.java:111)
                        	at org.testng.TestRunner.privateRun(TestRunner.java:767)
                        	at org.testng.TestRunner.run(TestRunner.java:617)
                        	at org.testng.SuiteRunner.runTest(SuiteRunner.java:334)
                        	at org.testng.SuiteRunner.runSequentially(SuiteRunner.java:329)
                        	at org.testng.SuiteRunner.privateRun(SuiteRunner.java:291)
                        	at org.testng.SuiteRunner.run(SuiteRunner.java:240)
                        	at org.testng.SuiteRunnerWorker.runSuite(SuiteRunnerWorker.java:52)
                        	at org.testng.SuiteRunnerWorker.run(SuiteRunnerWorker.java:86)
                        	at org.testng.TestNG.runSuitesSequentially(TestNG.java:1224)
                        	at org.testng.TestNG.runSuitesLocally(TestNG.java:1149)
                        	at org.testng.TestNG.run(TestNG.java:1057)
                        	at org.testng.TestNG.privateMain(TestNG.java:1364)
                        	at org.testng.TestNG.main(TestNG.java:1333)
                     </pre>
                  </div>
               </td>
            </tr>
            <tr id="testngFiles.SaucelabTest_setup_byStatus_passed_PASS1_row"
                class="testMethodStatusPASS">
               <td width="100%" class="firstMethodCell">
                  <a onclick="toggleDetailsVisibility('testngFiles.SaucelabTest_setup_byStatus_passed_PASS1_details')">setup()</a>
               </td>
               <td nowrap="true">00:03:52</td>
               <td nowrap="true" align="right">23s
                  
               </td>
               <td nowrap="true">
                   
                  
               </td>
            </tr>
            <tr>
               <td colspan="4" class="detailsBox">
                  <div id="testngFiles.SaucelabTest_setup_byStatus_passed_PASS1_details"
                       class="testMethodDetails">
                     <div>
                        <b>Name: </b>setup
                     </div>
                     <div>
                        <b>Signature: </b>setup()[pri:0, instance:testngFiles.SaucelabTest@76da9e2a]
                     </div>
                     <div>
                        <b>Start time: </b>00:03:52
                     </div>
                     <div>
                        <b>End time: </b>00:04:15
                     </div>
                     <div>
                        <b>Duration: </b>23s
                        
                     </div>
                  </div>
               </td>
            </tr>
            <tr></tr>
            <tr id="testngFiles.DependenyAnnot_Timerelated_byStatus_passed_PASS2_row"
                class="testMethodStatusPASS">
               <td width="100%" class="firstMethodCell">
                  <a onclick="toggleDetailsVisibility('testngFiles.DependenyAnnot_Timerelated_byStatus_passed_PASS2_details')">Timerelated()</a>
               </td>
               <td nowrap="true">00:03:52</td>
               <td nowrap="true" align="right">391 ms
                  
               </td>
               <td nowrap="true">
                   
                  
               </td>
            </tr>
            <tr>
               <td colspan="4" class="detailsBox">
                  <div id="testngFiles.DependenyAnnot_Timerelated_byStatus_passed_PASS2_details"
                       class="testMethodDetails">
                     <div>
                        <b>Name: </b>Timerelated
                     </div>
                     <div>
                        <b>Signature: </b>Timerelated()[pri:0, instance:testngFiles.DependenyAnnot@6bb9db06]
                     </div>
                     <div>
                        <b>Start time: </b>00:03:52
                     </div>
                     <div>
                        <b>End time: </b>00:03:52
                     </div>
                     <div>
                        <b>Duration: </b>391 ms
                        
                     </div>
                  </div>
               </td>
            </tr>
            <tr></tr>
            <tr id="testngFiles.DependenyAnnot_software_byStatus_passed_PASS3_row"
                class="testMethodStatusPASS">
               <td width="100%" class="firstMethodCell">
                  <a onclick="toggleDetailsVisibility('testngFiles.DependenyAnnot_software_byStatus_passed_PASS3_details')">software()</a>
               </td>
               <td nowrap="true">00:03:52</td>
               <td nowrap="true" align="right">1 ms
                  
               </td>
               <td nowrap="true">
                   
                  
               </td>
            </tr>
            <tr>
               <td colspan="4" class="detailsBox">
                  <div id="testngFiles.DependenyAnnot_software_byStatus_passed_PASS3_details"
                       class="testMethodDetails">
                     <div>
                        <b>Name: </b>software
                     </div>
                     <div>
                        <b>Signature: </b>software()[pri:0, instance:testngFiles.DependenyAnnot@6bb9db06]
                     </div>
                     <div>
                        <b>Start time: </b>00:03:52
                     </div>
                     <div>
                        <b>End time: </b>00:03:52
                     </div>
                     <div>
                        <b>Duration: </b>1 ms
                        
                     </div>
                  </div>
               </td>
            </tr>
            <tr></tr>
            <tr id="testngFiles.TestBase_software_byStatus_passed_PASS4_row"
                class="testMethodStatusPASS">
               <td width="100%" class="firstMethodCell">
                  <a onclick="toggleDetailsVisibility('testngFiles.TestBase_software_byStatus_passed_PASS4_details')">software()</a>
               </td>
               <td nowrap="true">00:04:15</td>
               <td nowrap="true" align="right">0 ms
                  
               </td>
               <td nowrap="true">
                   
                  
               </td>
            </tr>
            <tr>
               <td colspan="4" class="detailsBox">
                  <div id="testngFiles.TestBase_software_byStatus_passed_PASS4_details"
                       class="testMethodDetails">
                     <div>
                        <b>Name: </b>software
                     </div>
                     <div>
                        <b>Signature: </b>software()[pri:0, instance:testngFiles.TestBase@39c2b01c]
                     </div>
                     <div>
                        <b>Start time: </b>00:04:15
                     </div>
                     <div>
                        <b>End time: </b>00:04:15
                     </div>
                     <div>
                        <b>Duration: </b>0 ms
                        
                     </div>
                  </div>
               </td>
            </tr>
            <tr></tr>
            <tr id="testngFiles.TestBase_deinstallsoftware_byStatus_passed_PASS5_row"
                class="testMethodStatusPASS testMethodStatusCONF">
               <td width="100%" class="firstMethodCell">
                  <a onclick="toggleDetailsVisibility('testngFiles.TestBase_deinstallsoftware_byStatus_passed_PASS5_details')">deinstallsoftware()</a>
               </td>
               <td nowrap="true">00:04:16</td>
               <td nowrap="true" align="right">1 ms
                  
               </td>
               <td nowrap="true">
                   
                  
               </td>
            </tr>
            <tr>
               <td colspan="4" class="detailsBox">
                  <div id="testngFiles.TestBase_deinstallsoftware_byStatus_passed_PASS5_details"
                       class="testMethodDetails">
                     <div>
                        <b>Name: </b>deinstallsoftware
                     </div>
                     <div>
                        <b>Signature: </b>deinstallsoftware()[pri:0, instance:testngFiles.TestBase@39c2b01c]
                     </div>
                     <div>
                        <b>Start time: </b>00:04:16
                     </div>
                     <div>
                        <b>End time: </b>00:04:16
                     </div>
                     <div>
                        <b>Duration: </b>1 ms
                        
                     </div>
                  </div>
               </td>
            </tr>
            <tr></tr>
         </table>
      </div>
      <div id="testMethodsByClass" style="display: none;">
         <table class="testMethodsTable" cellpadding="0" cellspacing="0">
            <tr>
               <td colspan="4">
                  <h3 style="display: inline;">testngFiles.DependenyAnnot</h3>
               </td>
            </tr>
            <tr class="methodsTableHeader">
               <td width="100%">Name</td>
               <td nowrap="true">Started</td>
               <td nowrap="true">Duration</td>
               <td>Exception</td>
            </tr>
            <tr id="testngFiles.DependenyAnnot_OpeningBrowser_byClass_FAIL1_row"
                class="testMethodStatusFAIL">
               <td width="100%" class="firstMethodCell">
                  <a onclick="toggleDetailsVisibility('testngFiles.DependenyAnnot_OpeningBrowser_byClass_FAIL1_details')">OpeningBrowser()</a>
               </td>
               <td nowrap="true">00:03:52</td>
               <td nowrap="true" align="right">37 ms
                  
               </td>
               <td nowrap="true">
                  <a onclick="toggleDetailsVisibility('testngFiles.DependenyAnnot_OpeningBrowser_byClass_FAIL1_exception')">java.io.FileNotFoundException: 
                     C:\Workspace\Framework\src\testngFiles\datadriven.properties (The system cannot find the path specified)
                     
                  </a>
                   
                  
               </td>
            </tr>
            <tr>
               <td colspan="4" class="detailsBox">
                  <div id="testngFiles.DependenyAnnot_OpeningBrowser_byClass_FAIL1_details"
                       class="testMethodDetails">
                     <div>
                        <b>Name: </b>OpeningBrowser
                     </div>
                     <div>
                        <b>Signature: </b>OpeningBrowser()[pri:0, instance:testngFiles.DependenyAnnot@6bb9db06]
                     </div>
                     <div>
                        <b>Start time: </b>00:03:52
                     </div>
                     <div>
                        <b>End time: </b>00:03:52
                     </div>
                     <div>
                        <b>Duration: </b>37 ms
                        
                     </div>
                  </div>
               </td>
            </tr>
            <tr>
               <td colspan="4" class="detailsBox">
                  <div id="testngFiles.DependenyAnnot_OpeningBrowser_byClass_FAIL1_exception"
                       class="testMethodDetails">
                     <pre style="padding: 5px; margin: 0;">java.io.FileNotFoundException: C:\Workspace\Framework\src\testngFiles\datadriven.properties (The system cannot find the path
                        specified)
                        	at java.io.FileInputStream.open(Native Method)
                        	at java.io.FileInputStream.&lt;init&gt;(FileInputStream.java:146)
                        	at java.io.FileInputStream.&lt;init&gt;(FileInputStream.java:101)
                        	at testngFiles.TestBase.Login(TestBase.java:24)
                        	at testngFiles.DependenyAnnot.OpeningBrowser(DependenyAnnot.java:13)
                        	at sun.reflect.NativeMethodAccessorImpl.invoke0(Native Method)
                        	at sun.reflect.NativeMethodAccessorImpl.invoke(NativeMethodAccessorImpl.java:57)
                        	at sun.reflect.DelegatingMethodAccessorImpl.invoke(DelegatingMethodAccessorImpl.java:43)
                        	at java.lang.reflect.Method.invoke(Method.java:606)
                        	at org.testng.internal.MethodInvocationHelper.invokeMethod(MethodInvocationHelper.java:84)
                        	at org.testng.internal.Invoker.invokeMethod(Invoker.java:714)
                        	at org.testng.internal.Invoker.invokeTestMethod(Invoker.java:901)
                        	at org.testng.internal.Invoker.invokeTestMethods(Invoker.java:1231)
                        	at org.testng.internal.TestMethodWorker.invokeTestMethods(TestMethodWorker.java:127)
                        	at org.testng.internal.TestMethodWorker.run(TestMethodWorker.java:111)
                        	at org.testng.TestRunner.privateRun(TestRunner.java:767)
                        	at org.testng.TestRunner.run(TestRunner.java:617)
                        	at org.testng.SuiteRunner.runTest(SuiteRunner.java:334)
                        	at org.testng.SuiteRunner.runSequentially(SuiteRunner.java:329)
                        	at org.testng.SuiteRunner.privateRun(SuiteRunner.java:291)
                        	at org.testng.SuiteRunner.run(SuiteRunner.java:240)
                        	at org.testng.SuiteRunnerWorker.runSuite(SuiteRunnerWorker.java:52)
                        	at org.testng.SuiteRunnerWorker.run(SuiteRunnerWorker.java:86)
                        	at org.testng.TestNG.runSuitesSequentially(TestNG.java:1224)
                        	at org.testng.TestNG.runSuitesLocally(TestNG.java:1149)
                        	at org.testng.TestNG.run(TestNG.java:1057)
                        	at org.testng.TestNG.privateMain(TestNG.java:1364)
                        	at org.testng.TestNG.main(TestNG.java:1333)
                     </pre>
                  </div>
               </td>
            </tr>
            <tr id="testngFiles.DependenyAnnot_Timerelated_byClass_PASS2_row"
                class="testMethodStatusPASS">
               <td width="100%" class="firstMethodCell">
                  <a onclick="toggleDetailsVisibility('testngFiles.DependenyAnnot_Timerelated_byClass_PASS2_details')">Timerelated()</a>
               </td>
               <td nowrap="true">00:03:52</td>
               <td nowrap="true" align="right">391 ms
                  
               </td>
               <td nowrap="true">
                   
                  
               </td>
            </tr>
            <tr>
               <td colspan="4" class="detailsBox">
                  <div id="testngFiles.DependenyAnnot_Timerelated_byClass_PASS2_details"
                       class="testMethodDetails">
                     <div>
                        <b>Name: </b>Timerelated
                     </div>
                     <div>
                        <b>Signature: </b>Timerelated()[pri:0, instance:testngFiles.DependenyAnnot@6bb9db06]
                     </div>
                     <div>
                        <b>Start time: </b>00:03:52
                     </div>
                     <div>
                        <b>End time: </b>00:03:52
                     </div>
                     <div>
                        <b>Duration: </b>391 ms
                        
                     </div>
                  </div>
               </td>
            </tr>
            <tr></tr>
            <tr id="testngFiles.DependenyAnnot_software_byClass_PASS3_row"
                class="testMethodStatusPASS">
               <td width="100%" class="firstMethodCell">
                  <a onclick="toggleDetailsVisibility('testngFiles.DependenyAnnot_software_byClass_PASS3_details')">software()</a>
               </td>
               <td nowrap="true">00:03:52</td>
               <td nowrap="true" align="right">1 ms
                  
               </td>
               <td nowrap="true">
                   
                  
               </td>
            </tr>
            <tr>
               <td colspan="4" class="detailsBox">
                  <div id="testngFiles.DependenyAnnot_software_byClass_PASS3_details"
                       class="testMethodDetails">
                     <div>
                        <b>Name: </b>software
                     </div>
                     <div>
                        <b>Signature: </b>software()[pri:0, instance:testngFiles.DependenyAnnot@6bb9db06]
                     </div>
                     <div>
                        <b>Start time: </b>00:03:52
                     </div>
                     <div>
                        <b>End time: </b>00:03:52
                     </div>
                     <div>
                        <b>Duration: </b>1 ms
                        
                     </div>
                  </div>
               </td>
            </tr>
            <tr></tr>
            <tr id="testngFiles.DependenyAnnot_Login_byClass_FAIL4_row"
                class="testMethodStatusFAIL">
               <td width="100%" class="firstMethodCell">
                  <a onclick="toggleDetailsVisibility('testngFiles.DependenyAnnot_Login_byClass_FAIL4_details')">Login()</a>
               </td>
               <td nowrap="true">00:03:52</td>
               <td nowrap="true" align="right">1 ms
                  
               </td>
               <td nowrap="true">
                  <a onclick="toggleDetailsVisibility('testngFiles.DependenyAnnot_Login_byClass_FAIL4_exception')">java.io.FileNotFoundException: 
                     C:\Workspace\Framework\src\testngFiles\datadriven.properties (The system cannot find the path specified)
                     
                  </a>
                   
                  
               </td>
            </tr>
            <tr>
               <td colspan="4" class="detailsBox">
                  <div id="testngFiles.DependenyAnnot_Login_byClass_FAIL4_details"
                       class="testMethodDetails">
                     <div>
                        <b>Name: </b>Login
                     </div>
                     <div>
                        <b>Signature: </b>Login()[pri:0, instance:testngFiles.DependenyAnnot@6bb9db06]
                     </div>
                     <div>
                        <b>Start time: </b>00:03:52
                     </div>
                     <div>
                        <b>End time: </b>00:03:52
                     </div>
                     <div>
                        <b>Duration: </b>1 ms
                        
                     </div>
                  </div>
               </td>
            </tr>
            <tr>
               <td colspan="4" class="detailsBox">
                  <div id="testngFiles.DependenyAnnot_Login_byClass_FAIL4_exception"
                       class="testMethodDetails">
                     <pre style="padding: 5px; margin: 0;">java.io.FileNotFoundException: C:\Workspace\Framework\src\testngFiles\datadriven.properties (The system cannot find the path
                        specified)
                        	at java.io.FileInputStream.open(Native Method)
                        	at java.io.FileInputStream.&lt;init&gt;(FileInputStream.java:146)
                        	at java.io.FileInputStream.&lt;init&gt;(FileInputStream.java:101)
                        	at testngFiles.TestBase.Login(TestBase.java:24)
                        	at sun.reflect.NativeMethodAccessorImpl.invoke0(Native Method)
                        	at sun.reflect.NativeMethodAccessorImpl.invoke(NativeMethodAccessorImpl.java:57)
                        	at sun.reflect.DelegatingMethodAccessorImpl.invoke(DelegatingMethodAccessorImpl.java:43)
                        	at java.lang.reflect.Method.invoke(Method.java:606)
                        	at org.testng.internal.MethodInvocationHelper.invokeMethod(MethodInvocationHelper.java:84)
                        	at org.testng.internal.Invoker.invokeMethod(Invoker.java:714)
                        	at org.testng.internal.Invoker.invokeTestMethod(Invoker.java:901)
                        	at org.testng.internal.Invoker.invokeTestMethods(Invoker.java:1231)
                        	at org.testng.internal.TestMethodWorker.invokeTestMethods(TestMethodWorker.java:127)
                        	at org.testng.internal.TestMethodWorker.run(TestMethodWorker.java:111)
                        	at org.testng.TestRunner.privateRun(TestRunner.java:767)
                        	at org.testng.TestRunner.run(TestRunner.java:617)
                        	at org.testng.SuiteRunner.runTest(SuiteRunner.java:334)
                        	at org.testng.SuiteRunner.runSequentially(SuiteRunner.java:329)
                        	at org.testng.SuiteRunner.privateRun(SuiteRunner.java:291)
                        	at org.testng.SuiteRunner.run(SuiteRunner.java:240)
                        	at org.testng.SuiteRunnerWorker.runSuite(SuiteRunnerWorker.java:52)
                        	at org.testng.SuiteRunnerWorker.run(SuiteRunnerWorker.java:86)
                        	at org.testng.TestNG.runSuitesSequentially(TestNG.java:1224)
                        	at org.testng.TestNG.runSuitesLocally(TestNG.java:1149)
                        	at org.testng.TestNG.run(TestNG.java:1057)
                        	at org.testng.TestNG.privateMain(TestNG.java:1364)
                        	at org.testng.TestNG.main(TestNG.java:1333)
                     </pre>
                  </div>
               </td>
            </tr>
            <tr id="testngFiles.DependenyAnnot_FlightBooking_byClass_FAIL5_row"
                class="testMethodStatusFAIL">
               <td width="100%" class="firstMethodCell">
                  <a onclick="toggleDetailsVisibility('testngFiles.DependenyAnnot_FlightBooking_byClass_FAIL5_details')">FlightBooking()</a>
               </td>
               <td nowrap="true">00:03:52</td>
               <td nowrap="true" align="right">1 ms
                  
               </td>
               <td nowrap="true">
                  <a onclick="toggleDetailsVisibility('testngFiles.DependenyAnnot_FlightBooking_byClass_FAIL5_exception')">java.io.FileNotFoundException: 
                     C:\Workspace\Framework\src\testngFiles\datadriven.properties (The system cannot find the path specified)
                     
                  </a>
                   
                  
               </td>
            </tr>
            <tr>
               <td colspan="4" class="detailsBox">
                  <div id="testngFiles.DependenyAnnot_FlightBooking_byClass_FAIL5_details"
                       class="testMethodDetails">
                     <div>
                        <b>Name: </b>FlightBooking
                     </div>
                     <div>
                        <b>Signature: </b>FlightBooking()[pri:0, instance:testngFiles.DependenyAnnot@6bb9db06]
                     </div>
                     <div>
                        <b>Start time: </b>00:03:52
                     </div>
                     <div>
                        <b>End time: </b>00:03:52
                     </div>
                     <div>
                        <b>Duration: </b>1 ms
                        
                     </div>
                     <div>
                        <b>Depends on methods:
                           
                        </b>
                        <div>
                               -
                           testngFiles.DependenyAnnot.OpeningBrowser
                        </div>
                     </div>
                  </div>
               </td>
            </tr>
            <tr>
               <td colspan="4" class="detailsBox">
                  <div id="testngFiles.DependenyAnnot_FlightBooking_byClass_FAIL5_exception"
                       class="testMethodDetails">
                     <pre style="padding: 5px; margin: 0;">java.io.FileNotFoundException: C:\Workspace\Framework\src\testngFiles\datadriven.properties (The system cannot find the path
                        specified)
                        	at java.io.FileInputStream.open(Native Method)
                        	at java.io.FileInputStream.&lt;init&gt;(FileInputStream.java:146)
                        	at java.io.FileInputStream.&lt;init&gt;(FileInputStream.java:101)
                        	at testngFiles.TestBase.Login(TestBase.java:24)
                        	at testngFiles.DependenyAnnot.FlightBooking(DependenyAnnot.java:20)
                        	at sun.reflect.NativeMethodAccessorImpl.invoke0(Native Method)
                        	at sun.reflect.NativeMethodAccessorImpl.invoke(NativeMethodAccessorImpl.java:57)
                        	at sun.reflect.DelegatingMethodAccessorImpl.invoke(DelegatingMethodAccessorImpl.java:43)
                        	at java.lang.reflect.Method.invoke(Method.java:606)
                        	at org.testng.internal.MethodInvocationHelper.invokeMethod(MethodInvocationHelper.java:84)
                        	at org.testng.internal.Invoker.invokeMethod(Invoker.java:714)
                        	at org.testng.internal.Invoker.invokeTestMethod(Invoker.java:901)
                        	at org.testng.internal.Invoker.invokeTestMethods(Invoker.java:1231)
                        	at org.testng.internal.TestMethodWorker.invokeTestMethods(TestMethodWorker.java:127)
                        	at org.testng.internal.TestMethodWorker.run(TestMethodWorker.java:111)
                        	at org.testng.TestRunner.privateRun(TestRunner.java:767)
                        	at org.testng.TestRunner.run(TestRunner.java:617)
                        	at org.testng.SuiteRunner.runTest(SuiteRunner.java:334)
                        	at org.testng.SuiteRunner.runSequentially(SuiteRunner.java:329)
                        	at org.testng.SuiteRunner.privateRun(SuiteRunner.java:291)
                        	at org.testng.SuiteRunner.run(SuiteRunner.java:240)
                        	at org.testng.SuiteRunnerWorker.runSuite(SuiteRunnerWorker.java:52)
                        	at org.testng.SuiteRunnerWorker.run(SuiteRunnerWorker.java:86)
                        	at org.testng.TestNG.runSuitesSequentially(TestNG.java:1224)
                        	at org.testng.TestNG.runSuitesLocally(TestNG.java:1149)
                        	at org.testng.TestNG.run(TestNG.java:1057)
                        	at org.testng.TestNG.privateMain(TestNG.java:1364)
                        	at org.testng.TestNG.main(TestNG.java:1333)
                     </pre>
                  </div>
               </td>
            </tr>
         </table>
         <br></br>
         <table class="testMethodsTable" cellpadding="0" cellspacing="0">
            <tr>
               <td colspan="4">
                  <h3 style="display: inline;">testngFiles.SaucelabTest</h3>
               </td>
            </tr>
            <tr class="methodsTableHeader">
               <td width="100%">Name</td>
               <td nowrap="true">Started</td>
               <td nowrap="true">Duration</td>
               <td>Exception</td>
            </tr>
            <tr id="testngFiles.SaucelabTest_setup_byClass_PASS1_row"
                class="testMethodStatusPASS">
               <td width="100%" class="firstMethodCell">
                  <a onclick="toggleDetailsVisibility('testngFiles.SaucelabTest_setup_byClass_PASS1_details')">setup()</a>
               </td>
               <td nowrap="true">00:03:52</td>
               <td nowrap="true" align="right">23s
                  
               </td>
               <td nowrap="true">
                   
                  
               </td>
            </tr>
            <tr>
               <td colspan="4" class="detailsBox">
                  <div id="testngFiles.SaucelabTest_setup_byClass_PASS1_details"
                       class="testMethodDetails">
                     <div>
                        <b>Name: </b>setup
                     </div>
                     <div>
                        <b>Signature: </b>setup()[pri:0, instance:testngFiles.SaucelabTest@76da9e2a]
                     </div>
                     <div>
                        <b>Start time: </b>00:03:52
                     </div>
                     <div>
                        <b>End time: </b>00:04:15
                     </div>
                     <div>
                        <b>Duration: </b>23s
                        
                     </div>
                  </div>
               </td>
            </tr>
            <tr></tr>
         </table>
         <br></br>
         <table class="testMethodsTable" cellpadding="0" cellspacing="0">
            <tr>
               <td colspan="4">
                  <h3 style="display: inline;">testngFiles.TestBase</h3>
               </td>
            </tr>
            <tr class="methodsTableHeader">
               <td width="100%">Name</td>
               <td nowrap="true">Started</td>
               <td nowrap="true">Duration</td>
               <td>Exception</td>
            </tr>
            <tr id="testngFiles.TestBase_software_byClass_PASS1_row"
                class="testMethodStatusPASS">
               <td width="100%" class="firstMethodCell">
                  <a onclick="toggleDetailsVisibility('testngFiles.TestBase_software_byClass_PASS1_details')">software()</a>
               </td>
               <td nowrap="true">00:04:15</td>
               <td nowrap="true" align="right">0 ms
                  
               </td>
               <td nowrap="true">
                   
                  
               </td>
            </tr>
            <tr>
               <td colspan="4" class="detailsBox">
                  <div id="testngFiles.TestBase_software_byClass_PASS1_details"
                       class="testMethodDetails">
                     <div>
                        <b>Name: </b>software
                     </div>
                     <div>
                        <b>Signature: </b>software()[pri:0, instance:testngFiles.TestBase@39c2b01c]
                     </div>
                     <div>
                        <b>Start time: </b>00:04:15
                     </div>
                     <div>
                        <b>End time: </b>00:04:15
                     </div>
                     <div>
                        <b>Duration: </b>0 ms
                        
                     </div>
                  </div>
               </td>
            </tr>
            <tr></tr>
            <tr id="testngFiles.TestBase_Login_byClass_FAIL2_row" class="testMethodStatusFAIL">
               <td width="100%" class="firstMethodCell">
                  <a onclick="toggleDetailsVisibility('testngFiles.TestBase_Login_byClass_FAIL2_details')">Login()</a>
               </td>
               <td nowrap="true">00:04:15</td>
               <td nowrap="true" align="right">1 ms
                  
               </td>
               <td nowrap="true">
                  <a onclick="toggleDetailsVisibility('testngFiles.TestBase_Login_byClass_FAIL2_exception')">java.io.FileNotFoundException: 
                     C:\Workspace\Framework\src\testngFiles\datadriven.properties (The system cannot find the path specified)
                     
                  </a>
                   
                  
               </td>
            </tr>
            <tr>
               <td colspan="4" class="detailsBox">
                  <div id="testngFiles.TestBase_Login_byClass_FAIL2_details" class="testMethodDetails">
                     <div>
                        <b>Name: </b>Login
                     </div>
                     <div>
                        <b>Signature: </b>Login()[pri:0, instance:testngFiles.TestBase@39c2b01c]
                     </div>
                     <div>
                        <b>Start time: </b>00:04:15
                     </div>
                     <div>
                        <b>End time: </b>00:04:15
                     </div>
                     <div>
                        <b>Duration: </b>1 ms
                        
                     </div>
                  </div>
               </td>
            </tr>
            <tr>
               <td colspan="4" class="detailsBox">
                  <div id="testngFiles.TestBase_Login_byClass_FAIL2_exception"
                       class="testMethodDetails">
                     <pre style="padding: 5px; margin: 0;">java.io.FileNotFoundException: C:\Workspace\Framework\src\testngFiles\datadriven.properties (The system cannot find the path
                        specified)
                        	at java.io.FileInputStream.open(Native Method)
                        	at java.io.FileInputStream.&lt;init&gt;(FileInputStream.java:146)
                        	at java.io.FileInputStream.&lt;init&gt;(FileInputStream.java:101)
                        	at testngFiles.TestBase.Login(TestBase.java:24)
                        	at sun.reflect.NativeMethodAccessorImpl.invoke0(Native Method)
                        	at sun.reflect.NativeMethodAccessorImpl.invoke(NativeMethodAccessorImpl.java:57)
                        	at sun.reflect.DelegatingMethodAccessorImpl.invoke(DelegatingMethodAccessorImpl.java:43)
                        	at java.lang.reflect.Method.invoke(Method.java:606)
                        	at org.testng.internal.MethodInvocationHelper.invokeMethod(MethodInvocationHelper.java:84)
                        	at org.testng.internal.Invoker.invokeMethod(Invoker.java:714)
                        	at org.testng.internal.Invoker.invokeTestMethod(Invoker.java:901)
                        	at org.testng.internal.Invoker.invokeTestMethods(Invoker.java:1231)
                        	at org.testng.internal.TestMethodWorker.invokeTestMethods(TestMethodWorker.java:127)
                        	at org.testng.internal.TestMethodWorker.run(TestMethodWorker.java:111)
                        	at org.testng.TestRunner.privateRun(TestRunner.java:767)
                        	at org.testng.TestRunner.run(TestRunner.java:617)
                        	at org.testng.SuiteRunner.runTest(SuiteRunner.java:334)
                        	at org.testng.SuiteRunner.runSequentially(SuiteRunner.java:329)
                        	at org.testng.SuiteRunner.privateRun(SuiteRunner.java:291)
                        	at org.testng.SuiteRunner.run(SuiteRunner.java:240)
                        	at org.testng.SuiteRunnerWorker.runSuite(SuiteRunnerWorker.java:52)
                        	at org.testng.SuiteRunnerWorker.run(SuiteRunnerWorker.java:86)
                        	at org.testng.TestNG.runSuitesSequentially(TestNG.java:1224)
                        	at org.testng.TestNG.runSuitesLocally(TestNG.java:1149)
                        	at org.testng.TestNG.run(TestNG.java:1057)
                        	at org.testng.TestNG.privateMain(TestNG.java:1364)
                        	at org.testng.TestNG.main(TestNG.java:1333)
                     </pre>
                  </div>
               </td>
            </tr>
            <tr id="testngFiles.TestBase_deinstallsoftware_byClass_PASS3_row"
                class="testMethodStatusPASS testMethodStatusCONF">
               <td width="100%" class="firstMethodCell">
                  <a onclick="toggleDetailsVisibility('testngFiles.TestBase_deinstallsoftware_byClass_PASS3_details')">deinstallsoftware()</a>
               </td>
               <td nowrap="true">00:04:16</td>
               <td nowrap="true" align="right">1 ms
                  
               </td>
               <td nowrap="true">
                   
                  
               </td>
            </tr>
            <tr>
               <td colspan="4" class="detailsBox">
                  <div id="testngFiles.TestBase_deinstallsoftware_byClass_PASS3_details"
                       class="testMethodDetails">
                     <div>
                        <b>Name: </b>deinstallsoftware
                     </div>
                     <div>
                        <b>Signature: </b>deinstallsoftware()[pri:0, instance:testngFiles.TestBase@39c2b01c]
                     </div>
                     <div>
                        <b>Start time: </b>00:04:16
                     </div>
                     <div>
                        <b>End time: </b>00:04:16
                     </div>
                     <div>
                        <b>Duration: </b>1 ms
                        
                     </div>
                  </div>
               </td>
            </tr>
            <tr></tr>
         </table>
         <br></br>
      </div>
      <div style="margin-top: 15px; color: gray; text-align: center; font-size: 9px;">
         Generated with
         
         <a href="http://code.google.com/p/testng-xslt/" style="color: #8888aa;"
            target="_blank">
            TestNG XSLT
            
         </a>
      </div>
   </body>
</html>